{"contracts\\AuctionUpgradeable.sol":{"l":{"75":11,"76":11,"77":11,"78":11,"88":22,"89":22,"90":22,"91":13,"95":10,"96":10,"97":10,"105":12,"106":12,"108":12,"110":12,"123":12,"124":12,"128":8,"129":8,"130":7,"131":7,"132":6,"134":6,"135":6,"137":5,"138":5,"139":5,"140":5,"141":5,"143":5,"151":9,"152":9,"153":9,"154":9,"155":8,"156":8,"157":8,"159":7,"160":7,"162":5,"163":5,"165":5,"166":5,"167":5,"168":5,"170":5,"174":3,"175":3,"176":3,"177":2,"178":2,"180":1,"181":1,"187":1,"188":0,"189":0,"191":1,"194":1,"204":1,"205":1,"206":1,"208":1,"209":1,"211":1,"215":1,"216":1,"217":1,"219":1,"220":1,"224":0,"225":0,"229":10,"230":7,"233":3,"234":2,"235":2,"236":2,"239":1,"241":1,"245":6,"252":7,"259":13,"260":13,"261":13,"263":13,"264":13,"265":13},"path":"C:\\Users\\10478\\Desktop\\Gostudy\\nft-auction\\contracts\\AuctionUpgradeable.sol","s":{"1":11,"2":11,"3":22,"4":10,"5":10,"6":12,"7":12,"8":12,"9":12,"10":8,"11":8,"12":7,"13":7,"14":6,"15":6,"16":6,"17":5,"18":5,"19":9,"20":9,"21":9,"22":9,"23":8,"24":8,"25":8,"26":7,"27":7,"28":5,"29":5,"30":5,"31":3,"32":3,"33":3,"34":2,"35":2,"36":1,"37":1,"38":0,"39":0,"40":1,"41":1,"42":1,"43":1,"44":1,"45":1,"46":1,"47":1,"48":1,"49":1,"50":1,"51":0,"52":0,"53":10,"54":7,"55":3,"56":2,"57":2,"58":1,"59":6,"60":7,"61":13,"62":13,"63":13,"64":13,"65":13,"66":13},"b":{"1":[11,0],"2":[11,0],"3":[1,0],"4":[22,0],"5":[10,0],"6":[10,0],"7":[10,0],"8":[12,0],"9":[12,0],"10":[8,0],"11":[7,1],"12":[7,0],"13":[6,1],"14":[6,0],"15":[5,1],"16":[9,0],"17":[9,0],"18":[9,0],"19":[8,1],"20":[8,0],"21":[8,0],"22":[7,1],"23":[5,2],"24":[3,0],"25":[3,0],"26":[2,1],"27":[2,0],"28":[1,1],"29":[0,1],"30":[0,0],"31":[1,0],"32":[1,0],"33":[1,0],"34":[1,0],"35":[1,0],"36":[7,3],"37":[7,0],"38":[2,1],"39":[13,0],"40":[13,0]},"f":{"1":11,"2":1,"3":22,"4":10,"5":12,"6":8,"7":9,"8":3,"9":1,"10":1,"11":0,"12":10,"13":6,"14":7,"15":13},"fnMap":{"1":{"name":"initialize","line":74,"loc":{"start":{"line":74,"column":4},"end":{"line":79,"column":4}}},"2":{"name":"_authorizeUpgrade","line":84,"loc":{"start":{"line":81,"column":4},"end":{"line":85,"column":5}}},"3":{"name":"nonReentrant","line":87,"loc":{"start":{"line":87,"column":4},"end":{"line":92,"column":4}}},"4":{"name":"setTokenPriceFeed","line":94,"loc":{"start":{"line":94,"column":4},"end":{"line":98,"column":4}}},"5":{"name":"createAuction","line":100,"loc":{"start":{"line":100,"column":4},"end":{"line":125,"column":4}}},"6":{"name":"bidWithETH","line":127,"loc":{"start":{"line":127,"column":4},"end":{"line":144,"column":4}}},"7":{"name":"bidWithERC20","line":150,"loc":{"start":{"line":146,"column":4},"end":{"line":171,"column":4}}},"8":{"name":"endAuction","line":173,"loc":{"start":{"line":173,"column":4},"end":{"line":201,"column":4}}},"9":{"name":"withdrawEthRefund","line":203,"loc":{"start":{"line":203,"column":4},"end":{"line":212,"column":4}}},"10":{"name":"withdrawTokenRefund","line":214,"loc":{"start":{"line":214,"column":4},"end":{"line":221,"column":4}}},"11":{"name":"getLatestPrice","line":223,"loc":{"start":{"line":223,"column":4},"end":{"line":226,"column":4}}},"12":{"name":"_queueRefund","line":228,"loc":{"start":{"line":228,"column":4},"end":{"line":242,"column":4}}},"13":{"name":"_ethToUsd","line":244,"loc":{"start":{"line":244,"column":4},"end":{"line":246,"column":4}}},"14":{"name":"_tokenToUsd","line":248,"loc":{"start":{"line":248,"column":4},"end":{"line":253,"column":4}}},"15":{"name":"_toUsdValue","line":255,"loc":{"start":{"line":255,"column":4},"end":{"line":266,"column":4}}}},"statementMap":{"1":{"start":{"line":75,"column":8},"end":{"line":75,"column":61}},"2":{"start":{"line":76,"column":8},"end":{"line":76,"column":33}},"3":{"start":{"line":88,"column":8},"end":{"line":88,"column":45}},"4":{"start":{"line":95,"column":8},"end":{"line":95,"column":52}},"5":{"start":{"line":96,"column":8},"end":{"line":96,"column":50}},"6":{"start":{"line":105,"column":8},"end":{"line":105,"column":55}},"7":{"start":{"line":106,"column":8},"end":{"line":106,"column":61}},"8":{"start":{"line":108,"column":8},"end":{"line":108,"column":75}},"9":{"start":{"line":123,"column":8},"end":{"line":123,"column":80}},"10":{"start":{"line":128,"column":8},"end":{"line":128,"column":54}},"11":{"start":{"line":129,"column":8},"end":{"line":129,"column":51}},"12":{"start":{"line":130,"column":8},"end":{"line":130,"column":47}},"13":{"start":{"line":131,"column":8},"end":{"line":131,"column":68}},"14":{"start":{"line":132,"column":8},"end":{"line":132,"column":44}},"15":{"start":{"line":134,"column":8},"end":{"line":134,"column":45}},"16":{"start":{"line":135,"column":8},"end":{"line":135,"column":61}},"17":{"start":{"line":137,"column":8},"end":{"line":137,"column":28}},"18":{"start":{"line":143,"column":8},"end":{"line":143,"column":77}},"19":{"start":{"line":151,"column":8},"end":{"line":151,"column":54}},"20":{"start":{"line":152,"column":8},"end":{"line":152,"column":51}},"21":{"start":{"line":153,"column":8},"end":{"line":153,"column":47}},"22":{"start":{"line":154,"column":8},"end":{"line":154,"column":68}},"23":{"start":{"line":155,"column":8},"end":{"line":155,"column":52}},"24":{"start":{"line":156,"column":8},"end":{"line":156,"column":41}},"25":{"start":{"line":157,"column":8},"end":{"line":157,"column":75}},"26":{"start":{"line":159,"column":8},"end":{"line":159,"column":51}},"27":{"start":{"line":160,"column":8},"end":{"line":160,"column":61}},"28":{"start":{"line":162,"column":8},"end":{"line":162,"column":72}},"29":{"start":{"line":163,"column":8},"end":{"line":163,"column":28}},"30":{"start":{"line":170,"column":8},"end":{"line":170,"column":69}},"31":{"start":{"line":174,"column":8},"end":{"line":174,"column":54}},"32":{"start":{"line":175,"column":8},"end":{"line":175,"column":51}},"33":{"start":{"line":176,"column":8},"end":{"line":176,"column":47}},"34":{"start":{"line":177,"column":8},"end":{"line":177,"column":71}},"35":{"start":{"line":178,"column":8},"end":{"line":178,"column":62}},"36":{"start":{"line":181,"column":8},"end":{"line":181,"column":6054}},"37":{"start":{"line":187,"column":8},"end":{"line":187,"column":6216}},"38":{"start":{"line":188,"column":12},"end":{"line":188,"column":85}},"39":{"start":{"line":189,"column":12},"end":{"line":189,"column":43}},"40":{"start":{"line":191,"column":12},"end":{"line":191,"column":84}},"41":{"start":{"line":194,"column":8},"end":{"line":194,"column":6518}},"42":{"start":{"line":204,"column":8},"end":{"line":204,"column":54}},"43":{"start":{"line":205,"column":8},"end":{"line":205,"column":43}},"44":{"start":{"line":208,"column":8},"end":{"line":208,"column":65}},"45":{"start":{"line":209,"column":8},"end":{"line":209,"column":39}},"46":{"start":{"line":211,"column":8},"end":{"line":211,"column":60}},"47":{"start":{"line":215,"column":8},"end":{"line":215,"column":63}},"48":{"start":{"line":216,"column":8},"end":{"line":216,"column":45}},"49":{"start":{"line":219,"column":8},"end":{"line":219,"column":53}},"50":{"start":{"line":220,"column":8},"end":{"line":220,"column":55}},"51":{"start":{"line":224,"column":8},"end":{"line":224,"column":61}},"52":{"start":{"line":225,"column":8},"end":{"line":225,"column":20}},"53":{"start":{"line":229,"column":8},"end":{"line":229,"column":7700}},"54":{"start":{"line":230,"column":12},"end":{"line":230,"column":18}},"55":{"start":{"line":233,"column":8},"end":{"line":233,"column":7813}},"56":{"start":{"line":235,"column":12},"end":{"line":235,"column":84}},"57":{"start":{"line":236,"column":12},"end":{"line":236,"column":18}},"58":{"start":{"line":241,"column":8},"end":{"line":241,"column":86}},"59":{"start":{"line":245,"column":8},"end":{"line":245,"column":46}},"60":{"start":{"line":252,"column":8},"end":{"line":252,"column":56}},"61":{"start":{"line":259,"column":8},"end":{"line":259,"column":59}},"62":{"start":{"line":260,"column":8},"end":{"line":260,"column":56}},"63":{"start":{"line":261,"column":8},"end":{"line":261,"column":43}},"64":{"start":{"line":263,"column":8},"end":{"line":263,"column":39}},"65":{"start":{"line":264,"column":8},"end":{"line":264,"column":51}},"66":{"start":{"line":265,"column":8},"end":{"line":265,"column":50}}},"branchMap":{"1":{"line":74,"type":"if","locations":[{"start":{"line":74,"column":52},"end":{"line":74,"column":52}},{"start":{"line":74,"column":52},"end":{"line":74,"column":52}}]},"2":{"line":75,"type":"if","locations":[{"start":{"line":75,"column":8},"end":{"line":75,"column":8}},{"start":{"line":75,"column":8},"end":{"line":75,"column":8}}]},"3":{"line":84,"type":"if","locations":[{"start":{"line":84,"column":8},"end":{"line":84,"column":8}},{"start":{"line":84,"column":8},"end":{"line":84,"column":8}}]},"4":{"line":88,"type":"if","locations":[{"start":{"line":88,"column":8},"end":{"line":88,"column":8}},{"start":{"line":88,"column":8},"end":{"line":88,"column":8}}]},"5":{"line":94,"type":"if","locations":[{"start":{"line":94,"column":69},"end":{"line":94,"column":69}},{"start":{"line":94,"column":69},"end":{"line":94,"column":69}}]},"6":{"line":95,"type":"if","locations":[{"start":{"line":95,"column":8},"end":{"line":95,"column":8}},{"start":{"line":95,"column":8},"end":{"line":95,"column":8}}]},"7":{"line":96,"type":"if","locations":[{"start":{"line":96,"column":8},"end":{"line":96,"column":8}},{"start":{"line":96,"column":8},"end":{"line":96,"column":8}}]},"8":{"line":105,"type":"if","locations":[{"start":{"line":105,"column":8},"end":{"line":105,"column":8}},{"start":{"line":105,"column":8},"end":{"line":105,"column":8}}]},"9":{"line":106,"type":"if","locations":[{"start":{"line":106,"column":8},"end":{"line":106,"column":8}},{"start":{"line":106,"column":8},"end":{"line":106,"column":8}}]},"10":{"line":127,"type":"if","locations":[{"start":{"line":127,"column":59},"end":{"line":127,"column":59}},{"start":{"line":127,"column":59},"end":{"line":127,"column":59}}]},"11":{"line":129,"type":"if","locations":[{"start":{"line":129,"column":8},"end":{"line":129,"column":8}},{"start":{"line":129,"column":8},"end":{"line":129,"column":8}}]},"12":{"line":130,"type":"if","locations":[{"start":{"line":130,"column":8},"end":{"line":130,"column":8}},{"start":{"line":130,"column":8},"end":{"line":130,"column":8}}]},"13":{"line":131,"type":"if","locations":[{"start":{"line":131,"column":8},"end":{"line":131,"column":8}},{"start":{"line":131,"column":8},"end":{"line":131,"column":8}}]},"14":{"line":132,"type":"if","locations":[{"start":{"line":132,"column":8},"end":{"line":132,"column":8}},{"start":{"line":132,"column":8},"end":{"line":132,"column":8}}]},"15":{"line":135,"type":"if","locations":[{"start":{"line":135,"column":8},"end":{"line":135,"column":8}},{"start":{"line":135,"column":8},"end":{"line":135,"column":8}}]},"16":{"line":150,"type":"if","locations":[{"start":{"line":150,"column":13},"end":{"line":150,"column":13}},{"start":{"line":150,"column":13},"end":{"line":150,"column":13}}]},"17":{"line":152,"type":"if","locations":[{"start":{"line":152,"column":8},"end":{"line":152,"column":8}},{"start":{"line":152,"column":8},"end":{"line":152,"column":8}}]},"18":{"line":153,"type":"if","locations":[{"start":{"line":153,"column":8},"end":{"line":153,"column":8}},{"start":{"line":153,"column":8},"end":{"line":153,"column":8}}]},"19":{"line":154,"type":"if","locations":[{"start":{"line":154,"column":8},"end":{"line":154,"column":8}},{"start":{"line":154,"column":8},"end":{"line":154,"column":8}}]},"20":{"line":155,"type":"if","locations":[{"start":{"line":155,"column":8},"end":{"line":155,"column":8}},{"start":{"line":155,"column":8},"end":{"line":155,"column":8}}]},"21":{"line":156,"type":"if","locations":[{"start":{"line":156,"column":8},"end":{"line":156,"column":8}},{"start":{"line":156,"column":8},"end":{"line":156,"column":8}}]},"22":{"line":157,"type":"if","locations":[{"start":{"line":157,"column":8},"end":{"line":157,"column":8}},{"start":{"line":157,"column":8},"end":{"line":157,"column":8}}]},"23":{"line":160,"type":"if","locations":[{"start":{"line":160,"column":8},"end":{"line":160,"column":8}},{"start":{"line":160,"column":8},"end":{"line":160,"column":8}}]},"24":{"line":173,"type":"if","locations":[{"start":{"line":173,"column":51},"end":{"line":173,"column":51}},{"start":{"line":173,"column":51},"end":{"line":173,"column":51}}]},"25":{"line":175,"type":"if","locations":[{"start":{"line":175,"column":8},"end":{"line":175,"column":8}},{"start":{"line":175,"column":8},"end":{"line":175,"column":8}}]},"26":{"line":176,"type":"if","locations":[{"start":{"line":176,"column":8},"end":{"line":176,"column":8}},{"start":{"line":176,"column":8},"end":{"line":176,"column":8}}]},"27":{"line":177,"type":"if","locations":[{"start":{"line":177,"column":8},"end":{"line":177,"column":8}},{"start":{"line":177,"column":8},"end":{"line":177,"column":8}}]},"28":{"line":178,"type":"if","locations":[{"start":{"line":178,"column":8},"end":{"line":178,"column":8}},{"start":{"line":178,"column":8},"end":{"line":178,"column":8}}]},"29":{"line":187,"type":"if","locations":[{"start":{"line":187,"column":8},"end":{"line":187,"column":8}},{"start":{"line":187,"column":8},"end":{"line":187,"column":8}}]},"30":{"line":189,"type":"if","locations":[{"start":{"line":189,"column":12},"end":{"line":189,"column":12}},{"start":{"line":189,"column":12},"end":{"line":189,"column":12}}]},"31":{"line":203,"type":"if","locations":[{"start":{"line":203,"column":42},"end":{"line":203,"column":42}},{"start":{"line":203,"column":42},"end":{"line":203,"column":42}}]},"32":{"line":205,"type":"if","locations":[{"start":{"line":205,"column":8},"end":{"line":205,"column":8}},{"start":{"line":205,"column":8},"end":{"line":205,"column":8}}]},"33":{"line":209,"type":"if","locations":[{"start":{"line":209,"column":8},"end":{"line":209,"column":8}},{"start":{"line":209,"column":8},"end":{"line":209,"column":8}}]},"34":{"line":214,"type":"if","locations":[{"start":{"line":214,"column":57},"end":{"line":214,"column":57}},{"start":{"line":214,"column":57},"end":{"line":214,"column":57}}]},"35":{"line":216,"type":"if","locations":[{"start":{"line":216,"column":8},"end":{"line":216,"column":8}},{"start":{"line":216,"column":8},"end":{"line":216,"column":8}}]},"36":{"line":229,"type":"if","locations":[{"start":{"line":229,"column":8},"end":{"line":229,"column":8}},{"start":{"line":229,"column":8},"end":{"line":229,"column":8}}]},"37":{"line":229,"type":"cond-expr","locations":[{"start":{"line":229,"column":12},"end":{"line":229,"column":46}},{"start":{"line":229,"column":51},"end":{"line":229,"column":73}}]},"38":{"line":233,"type":"if","locations":[{"start":{"line":233,"column":8},"end":{"line":233,"column":8}},{"start":{"line":233,"column":8},"end":{"line":233,"column":8}}]},"39":{"line":259,"type":"if","locations":[{"start":{"line":259,"column":8},"end":{"line":259,"column":8}},{"start":{"line":259,"column":8},"end":{"line":259,"column":8}}]},"40":{"line":261,"type":"if","locations":[{"start":{"line":261,"column":8},"end":{"line":261,"column":8}},{"start":{"line":261,"column":8},"end":{"line":261,"column":8}}]}}},"contracts\\AuctionUpgradeableV2.sol":{"l":{"12":1,"13":1,"14":1,"18":1},"path":"C:\\Users\\10478\\Desktop\\Gostudy\\nft-auction\\contracts\\AuctionUpgradeableV2.sol","s":{"1":1,"2":1,"3":1},"b":{"1":[1,1],"2":[1,0]},"f":{"1":1,"2":1},"fnMap":{"1":{"name":"setPlatformFeeBps","line":11,"loc":{"start":{"line":11,"column":4},"end":{"line":15,"column":4}}},"2":{"name":"version","line":17,"loc":{"start":{"line":17,"column":4},"end":{"line":19,"column":4}}}},"statementMap":{"1":{"start":{"line":12,"column":8},"end":{"line":12,"column":47}},"2":{"start":{"line":14,"column":8},"end":{"line":14,"column":39}},"3":{"start":{"line":18,"column":8},"end":{"line":18,"column":19}}},"branchMap":{"1":{"line":11,"type":"if","locations":[{"start":{"line":11,"column":56},"end":{"line":11,"column":56}},{"start":{"line":11,"column":56},"end":{"line":11,"column":56}}]},"2":{"line":12,"type":"if","locations":[{"start":{"line":12,"column":8},"end":{"line":12,"column":8}},{"start":{"line":12,"column":8},"end":{"line":12,"column":8}}]}}},"contracts\\mocks\\MockV3Aggregator.sol":{"l":{"9":21,"10":21,"18":13,"22":0},"path":"C:\\Users\\10478\\Desktop\\Gostudy\\nft-auction\\contracts\\mocks\\MockV3Aggregator.sol","s":{"1":13},"b":{},"f":{"1":21,"2":13,"3":0},"fnMap":{"1":{"name":"constructor","line":8,"loc":{"start":{"line":8,"column":4},"end":{"line":11,"column":4}}},"2":{"name":"latestRoundData","line":13,"loc":{"start":{"line":13,"column":4},"end":{"line":19,"column":4}}},"3":{"name":"updateAnswer","line":21,"loc":{"start":{"line":21,"column":4},"end":{"line":23,"column":4}}}},"statementMap":{"1":{"start":{"line":18,"column":8},"end":{"line":18,"column":50}}},"branchMap":{}},"contracts\\MyNFT.sol":{"l":{"14":12,"15":12,"16":12,"17":12},"path":"C:\\Users\\10478\\Desktop\\Gostudy\\nft-auction\\contracts\\MyNFT.sol","s":{"1":12,"2":12,"3":12},"b":{"1":[12,0]},"f":{"1":11,"2":12},"fnMap":{"1":{"name":"constructor","line":11,"loc":{"start":{"line":11,"column":4},"end":{"line":11,"column":63}}},"2":{"name":"mintNFT","line":13,"loc":{"start":{"line":13,"column":4},"end":{"line":18,"column":4}}}},"statementMap":{"1":{"start":{"line":14,"column":8},"end":{"line":14,"column":38}},"2":{"start":{"line":15,"column":8},"end":{"line":15,"column":29}},"3":{"start":{"line":17,"column":8},"end":{"line":17,"column":22}}},"branchMap":{"1":{"line":13,"type":"if","locations":[{"start":{"line":13,"column":40},"end":{"line":13,"column":40}},{"start":{"line":13,"column":40},"end":{"line":13,"column":40}}]}}},"contracts\\MyToken.sol":{"l":{"10":11,"14":8},"path":"C:\\Users\\10478\\Desktop\\Gostudy\\nft-auction\\contracts\\MyToken.sol","s":{"1":11,"2":8},"b":{"1":[8,0]},"f":{"1":11,"2":8},"fnMap":{"1":{"name":"constructor","line":9,"loc":{"start":{"line":9,"column":4},"end":{"line":11,"column":4}}},"2":{"name":"mint","line":13,"loc":{"start":{"line":13,"column":4},"end":{"line":15,"column":4}}}},"statementMap":{"1":{"start":{"line":10,"column":8},"end":{"line":10,"column":44}},"2":{"start":{"line":14,"column":8},"end":{"line":14,"column":24}}},"branchMap":{"1":{"line":13,"type":"if","locations":[{"start":{"line":13,"column":55},"end":{"line":13,"column":55}},{"start":{"line":13,"column":55},"end":{"line":13,"column":55}}]}}}}