{"contracts\\AuctionUpgradeable.sol":{"l":{"27":1,"28":1,"38":1,"44":1,"53":1,"57":0,"58":0,"60":0,"61":0,"65":0,"66":0,"68":0,"70":0,"76":0,"80":0,"81":0},"path":"C:\\Users\\10478\\Desktop\\nft-auction\\contracts\\AuctionUpgradeable.sol","s":{"1":1,"2":1,"3":0,"4":0,"5":0,"6":0,"7":0,"8":0,"9":0,"10":0},"b":{"1":[1,0],"2":[0,0],"3":[0,0],"4":[0,0]},"f":{"1":1,"2":0,"3":1,"4":0,"5":0,"6":0},"fnMap":{"1":{"name":"initialize","line":26,"loc":{"start":{"line":26,"column":4},"end":{"line":29,"column":4}}},"2":{"name":"_authorizeUpgrade","line":34,"loc":{"start":{"line":31,"column":4},"end":{"line":35,"column":5}}},"3":{"name":"createAuction","line":37,"loc":{"start":{"line":37,"column":4},"end":{"line":54,"column":4}}},"4":{"name":"bidWithETH","line":56,"loc":{"start":{"line":56,"column":4},"end":{"line":62,"column":4}}},"5":{"name":"endAuction","line":64,"loc":{"start":{"line":64,"column":4},"end":{"line":77,"column":4}}},"6":{"name":"getLatestPrice","line":79,"loc":{"start":{"line":79,"column":4},"end":{"line":82,"column":4}}}},"statementMap":{"1":{"start":{"line":27,"column":8},"end":{"line":27,"column":33}},"2":{"start":{"line":38,"column":8},"end":{"line":38,"column":1197}},"3":{"start":{"line":57,"column":8},"end":{"line":57,"column":54}},"4":{"start":{"line":58,"column":8},"end":{"line":58,"column":61}},"5":{"start":{"line":65,"column":8},"end":{"line":65,"column":54}},"6":{"start":{"line":66,"column":8},"end":{"line":66,"column":47}},"7":{"start":{"line":70,"column":8},"end":{"line":70,"column":1991}},"8":{"start":{"line":76,"column":8},"end":{"line":76,"column":59}},"9":{"start":{"line":80,"column":8},"end":{"line":80,"column":54}},"10":{"start":{"line":81,"column":8},"end":{"line":81,"column":20}}},"branchMap":{"1":{"line":26,"type":"if","locations":[{"start":{"line":26,"column":51},"end":{"line":26,"column":51}},{"start":{"line":26,"column":51},"end":{"line":26,"column":51}}]},"2":{"line":34,"type":"if","locations":[{"start":{"line":34,"column":8},"end":{"line":34,"column":8}},{"start":{"line":34,"column":8},"end":{"line":34,"column":8}}]},"3":{"line":58,"type":"if","locations":[{"start":{"line":58,"column":8},"end":{"line":58,"column":8}},{"start":{"line":58,"column":8},"end":{"line":58,"column":8}}]},"4":{"line":66,"type":"if","locations":[{"start":{"line":66,"column":8},"end":{"line":66,"column":8}},{"start":{"line":66,"column":8},"end":{"line":66,"column":8}}]}}},"contracts\\MyNFT.sol":{"l":{"14":1,"15":1,"16":1,"17":1},"path":"C:\\Users\\10478\\Desktop\\nft-auction\\contracts\\MyNFT.sol","s":{"1":1,"2":1,"3":1},"b":{"1":[1,0]},"f":{"1":1,"2":1},"fnMap":{"1":{"name":"constructor","line":11,"loc":{"start":{"line":11,"column":4},"end":{"line":11,"column":63}}},"2":{"name":"mintNFT","line":13,"loc":{"start":{"line":13,"column":4},"end":{"line":18,"column":4}}}},"statementMap":{"1":{"start":{"line":14,"column":8},"end":{"line":14,"column":38}},"2":{"start":{"line":15,"column":8},"end":{"line":15,"column":29}},"3":{"start":{"line":17,"column":8},"end":{"line":17,"column":22}}},"branchMap":{"1":{"line":13,"type":"if","locations":[{"start":{"line":13,"column":40},"end":{"line":13,"column":40}},{"start":{"line":13,"column":40},"end":{"line":13,"column":40}}]}}},"contracts\\MyToken.sol":{"l":{"9":0},"path":"C:\\Users\\10478\\Desktop\\nft-auction\\contracts\\MyToken.sol","s":{"1":0},"b":{},"f":{"1":0},"fnMap":{"1":{"name":"constructor","line":8,"loc":{"start":{"line":8,"column":4},"end":{"line":10,"column":4}}}},"statementMap":{"1":{"start":{"line":9,"column":8},"end":{"line":9,"column":44}}},"branchMap":{}}}